C:\Users\kubalone\Desktop\Praca dyplomowa\CarRepairSystem\CRS.Web\CllientApp\dist\out-tsc\e2e\src\app.po.js
C:\Users\kubalone\Desktop\Praca dyplomowa\CarRepairSystem\CRS.Web\CllientApp\dist\out-tsc\e2e\src\app.po.js.map
C:\Users\kubalone\Desktop\Praca dyplomowa\CarRepairSystem\CRS.Web\CllientApp\dist\out-tsc\e2e\src\app.e2e-spec.js
C:\Users\kubalone\Desktop\Praca dyplomowa\CarRepairSystem\CRS.Web\CllientApp\dist\out-tsc\e2e\src\app.e2e-spec.js.map
C:\Users\kubalone\Desktop\Praca dyplomowa\CarRepairSystem\CRS.Web\CllientApp\dist\out-tsc\src\app\userManagement\shared\user.service.js
C:\Users\kubalone\Desktop\Praca dyplomowa\CarRepairSystem\CRS.Web\CllientApp\dist\out-tsc\src\app\userManagement\shared\user.service.js.map
C:\Users\kubalone\Desktop\Praca dyplomowa\CarRepairSystem\CRS.Web\CllientApp\dist\out-tsc\src\app\userManagement\user\registration\registration.component.js
C:\Users\kubalone\Desktop\Praca dyplomowa\CarRepairSystem\CRS.Web\CllientApp\dist\out-tsc\src\app\userManagement\user\registration\registration.component.js.map
C:\Users\kubalone\Desktop\Praca dyplomowa\CarRepairSystem\CRS.Web\CllientApp\dist\out-tsc\src\app\userManagement\user\user.component.js
C:\Users\kubalone\Desktop\Praca dyplomowa\CarRepairSystem\CRS.Web\CllientApp\dist\out-tsc\src\app\userManagement\user\user.component.js.map
C:\Users\kubalone\Desktop\Praca dyplomowa\CarRepairSystem\CRS.Web\CllientApp\dist\out-tsc\src\app\app-routing.module.js
C:\Users\kubalone\Desktop\Praca dyplomowa\CarRepairSystem\CRS.Web\CllientApp\dist\out-tsc\src\app\app-routing.module.js.map
C:\Users\kubalone\Desktop\Praca dyplomowa\CarRepairSystem\CRS.Web\CllientApp\dist\out-tsc\src\app\app.component.js
C:\Users\kubalone\Desktop\Praca dyplomowa\CarRepairSystem\CRS.Web\CllientApp\dist\out-tsc\src\app\app.component.js.map
C:\Users\kubalone\Desktop\Praca dyplomowa\CarRepairSystem\CRS.Web\CllientApp\dist\out-tsc\src\app\app.module.js
C:\Users\kubalone\Desktop\Praca dyplomowa\CarRepairSystem\CRS.Web\CllientApp\dist\out-tsc\src\app\app.module.js.map
C:\Users\kubalone\Desktop\Praca dyplomowa\CarRepairSystem\CRS.Web\CllientApp\dist\out-tsc\src\environments\environment.js
C:\Users\kubalone\Desktop\Praca dyplomowa\CarRepairSystem\CRS.Web\CllientApp\dist\out-tsc\src\environments\environment.js.map
C:\Users\kubalone\Desktop\Praca dyplomowa\CarRepairSystem\CRS.Web\CllientApp\dist\out-tsc\src\main.js
C:\Users\kubalone\Desktop\Praca dyplomowa\CarRepairSystem\CRS.Web\CllientApp\dist\out-tsc\src\main.js.map
C:\Users\kubalone\Desktop\Praca dyplomowa\CarRepairSystem\CRS.Web\CllientApp\dist\out-tsc\src\polyfills.js
C:\Users\kubalone\Desktop\Praca dyplomowa\CarRepairSystem\CRS.Web\CllientApp\dist\out-tsc\src\polyfills.js.map
C:\Users\kubalone\Desktop\Praca dyplomowa\CarRepairSystem\CRS.Web\CllientApp\dist\out-tsc\src\test.js
C:\Users\kubalone\Desktop\Praca dyplomowa\CarRepairSystem\CRS.Web\CllientApp\dist\out-tsc\src\test.js.map
C:\Users\kubalone\Desktop\Praca dyplomowa\CarRepairSystem\CRS.Web\CllientApp\dist\out-tsc\src\environments\environment.prod.js
C:\Users\kubalone\Desktop\Praca dyplomowa\CarRepairSystem\CRS.Web\CllientApp\dist\out-tsc\src\environments\environment.prod.js.map
