C:\Users\Reno\Desktop\Praca dyplomowa\CRS.Web\CllientApp\dist\out-tsc\src\app\shared\model\user.js
C:\Users\Reno\Desktop\Praca dyplomowa\CRS.Web\CllientApp\dist\out-tsc\src\app\shared\model\user.js.map
C:\Users\Reno\Desktop\Praca dyplomowa\CRS.Web\CllientApp\dist\out-tsc\src\app\shared\user\user.service.js
C:\Users\Reno\Desktop\Praca dyplomowa\CRS.Web\CllientApp\dist\out-tsc\src\app\shared\user\user.service.js.map
C:\Users\Reno\Desktop\Praca dyplomowa\CRS.Web\CllientApp\dist\out-tsc\src\app\auth\auth.guard.js
C:\Users\Reno\Desktop\Praca dyplomowa\CRS.Web\CllientApp\dist\out-tsc\src\app\auth\auth.guard.js.map
C:\Users\Reno\Desktop\Praca dyplomowa\CRS.Web\CllientApp\dist\out-tsc\src\app\shared\user\login.service.js
C:\Users\Reno\Desktop\Praca dyplomowa\CRS.Web\CllientApp\dist\out-tsc\src\app\shared\user\login.service.js.map
C:\Users\Reno\Desktop\Praca dyplomowa\CRS.Web\CllientApp\dist\out-tsc\src\app\login\login.component.js
C:\Users\Reno\Desktop\Praca dyplomowa\CRS.Web\CllientApp\dist\out-tsc\src\app\login\login.component.js.map
C:\Users\Reno\Desktop\Praca dyplomowa\CRS.Web\CllientApp\dist\out-tsc\src\app\shared\modal.service.js
C:\Users\Reno\Desktop\Praca dyplomowa\CRS.Web\CllientApp\dist\out-tsc\src\app\shared\modal.service.js.map
C:\Users\Reno\Desktop\Praca dyplomowa\CRS.Web\CllientApp\dist\out-tsc\src\app\userManagement\user-management.component.js
C:\Users\Reno\Desktop\Praca dyplomowa\CRS.Web\CllientApp\dist\out-tsc\src\app\userManagement\user-management.component.js.map
C:\Users\Reno\Desktop\Praca dyplomowa\CRS.Web\CllientApp\dist\out-tsc\src\app\layout\main\main.component.js
C:\Users\Reno\Desktop\Praca dyplomowa\CRS.Web\CllientApp\dist\out-tsc\src\app\layout\main\main.component.js.map
C:\Users\Reno\Desktop\Praca dyplomowa\CRS.Web\CllientApp\dist\out-tsc\src\app\carRepairShopManagement\order\order.component.js
C:\Users\Reno\Desktop\Praca dyplomowa\CRS.Web\CllientApp\dist\out-tsc\src\app\carRepairShopManagement\order\order.component.js.map
C:\Users\Reno\Desktop\Praca dyplomowa\CRS.Web\CllientApp\dist\out-tsc\src\app\carRepairShopManagement\order\all-orders\all-orders.component.js
C:\Users\Reno\Desktop\Praca dyplomowa\CRS.Web\CllientApp\dist\out-tsc\src\app\carRepairShopManagement\order\all-orders\all-orders.component.js.map
C:\Users\Reno\Desktop\Praca dyplomowa\CRS.Web\CllientApp\dist\out-tsc\src\app\carRepairShopManagement\add-job\add-job.component.js
C:\Users\Reno\Desktop\Praca dyplomowa\CRS.Web\CllientApp\dist\out-tsc\src\app\carRepairShopManagement\add-job\add-job.component.js.map
C:\Users\Reno\Desktop\Praca dyplomowa\CRS.Web\CllientApp\dist\out-tsc\src\app\shared\validator\form-validator.service.js
C:\Users\Reno\Desktop\Praca dyplomowa\CRS.Web\CllientApp\dist\out-tsc\src\app\shared\validator\form-validator.service.js.map
C:\Users\Reno\Desktop\Praca dyplomowa\CRS.Web\CllientApp\dist\out-tsc\src\app\shared\model\Customers\customer.js
C:\Users\Reno\Desktop\Praca dyplomowa\CRS.Web\CllientApp\dist\out-tsc\src\app\shared\model\Customers\customer.js.map
C:\Users\Reno\Desktop\Praca dyplomowa\CRS.Web\CllientApp\dist\out-tsc\src\app\shared\model\Customers\typeOfCustomer.js
C:\Users\Reno\Desktop\Praca dyplomowa\CRS.Web\CllientApp\dist\out-tsc\src\app\shared\model\Customers\typeOfCustomer.js.map
C:\Users\Reno\Desktop\Praca dyplomowa\CRS.Web\CllientApp\dist\out-tsc\src\app\shared\customer\customer.service.js
C:\Users\Reno\Desktop\Praca dyplomowa\CRS.Web\CllientApp\dist\out-tsc\src\app\shared\customer\customer.service.js.map
C:\Users\Reno\Desktop\Praca dyplomowa\CRS.Web\CllientApp\dist\out-tsc\src\app\carRepairShopManagement\customer\type-of-customer\all-customer\all-customer.component.js
C:\Users\Reno\Desktop\Praca dyplomowa\CRS.Web\CllientApp\dist\out-tsc\src\app\carRepairShopManagement\customer\type-of-customer\all-customer\all-customer.component.js.map
C:\Users\Reno\Desktop\Praca dyplomowa\CRS.Web\CllientApp\dist\out-tsc\src\app\carRepairShopManagement\customer\add-customer\add-customer.component.js
C:\Users\Reno\Desktop\Praca dyplomowa\CRS.Web\CllientApp\dist\out-tsc\src\app\carRepairShopManagement\customer\add-customer\add-customer.component.js.map
C:\Users\Reno\Desktop\Praca dyplomowa\CRS.Web\CllientApp\dist\out-tsc\src\app\carRepairShopManagement\customer\customer.component.js
C:\Users\Reno\Desktop\Praca dyplomowa\CRS.Web\CllientApp\dist\out-tsc\src\app\carRepairShopManagement\customer\customer.component.js.map
C:\Users\Reno\Desktop\Praca dyplomowa\CRS.Web\CllientApp\dist\out-tsc\src\app\carRepairShopManagement\customer\type-of-customer\private-customer\private-customer.component.js
C:\Users\Reno\Desktop\Praca dyplomowa\CRS.Web\CllientApp\dist\out-tsc\src\app\carRepairShopManagement\customer\type-of-customer\private-customer\private-customer.component.js.map
C:\Users\Reno\Desktop\Praca dyplomowa\CRS.Web\CllientApp\dist\out-tsc\src\app\carRepairShopManagement\customer\type-of-customer\busisness-customer\busisness-customer.component.js
C:\Users\Reno\Desktop\Praca dyplomowa\CRS.Web\CllientApp\dist\out-tsc\src\app\carRepairShopManagement\customer\type-of-customer\busisness-customer\busisness-customer.component.js.map
C:\Users\Reno\Desktop\Praca dyplomowa\CRS.Web\CllientApp\dist\out-tsc\src\app\carRepairShopManagement\customer\type-of-customer\type-of-customer.component.js
C:\Users\Reno\Desktop\Praca dyplomowa\CRS.Web\CllientApp\dist\out-tsc\src\app\carRepairShopManagement\customer\type-of-customer\type-of-customer.component.js.map
C:\Users\Reno\Desktop\Praca dyplomowa\CRS.Web\CllientApp\dist\out-tsc\src\app\carRepairShopManagement\customer\customer-details\customer-details.component.js
C:\Users\Reno\Desktop\Praca dyplomowa\CRS.Web\CllientApp\dist\out-tsc\src\app\carRepairShopManagement\customer\customer-details\customer-details.component.js.map
C:\Users\Reno\Desktop\Praca dyplomowa\CRS.Web\CllientApp\dist\out-tsc\src\app\app-routing.module.js
C:\Users\Reno\Desktop\Praca dyplomowa\CRS.Web\CllientApp\dist\out-tsc\src\app\app-routing.module.js.map
C:\Users\Reno\Desktop\Praca dyplomowa\CRS.Web\CllientApp\dist\out-tsc\src\app\app.component.js
C:\Users\Reno\Desktop\Praca dyplomowa\CRS.Web\CllientApp\dist\out-tsc\src\app\app.component.js.map
C:\Users\Reno\Desktop\Praca dyplomowa\CRS.Web\CllientApp\dist\out-tsc\src\app\auth\auth.interceptor.js
C:\Users\Reno\Desktop\Praca dyplomowa\CRS.Web\CllientApp\dist\out-tsc\src\app\auth\auth.interceptor.js.map
C:\Users\Reno\Desktop\Praca dyplomowa\CRS.Web\CllientApp\dist\out-tsc\src\app\shared\user\change-password.service.js
C:\Users\Reno\Desktop\Praca dyplomowa\CRS.Web\CllientApp\dist\out-tsc\src\app\shared\user\change-password.service.js.map
C:\Users\Reno\Desktop\Praca dyplomowa\CRS.Web\CllientApp\dist\out-tsc\src\app\login\reset-password\reset-password.component.js
C:\Users\Reno\Desktop\Praca dyplomowa\CRS.Web\CllientApp\dist\out-tsc\src\app\login\reset-password\reset-password.component.js.map
C:\Users\Reno\Desktop\Praca dyplomowa\CRS.Web\CllientApp\dist\out-tsc\src\app\shared\user\register.service.js
C:\Users\Reno\Desktop\Praca dyplomowa\CRS.Web\CllientApp\dist\out-tsc\src\app\shared\user\register.service.js.map
C:\Users\Reno\Desktop\Praca dyplomowa\CRS.Web\CllientApp\dist\out-tsc\src\app\userManagement\registration\registration.component.js
C:\Users\Reno\Desktop\Praca dyplomowa\CRS.Web\CllientApp\dist\out-tsc\src\app\userManagement\registration\registration.component.js.map
C:\Users\Reno\Desktop\Praca dyplomowa\CRS.Web\CllientApp\dist\out-tsc\src\app\userManagement\change-password\change-password.component.js
C:\Users\Reno\Desktop\Praca dyplomowa\CRS.Web\CllientApp\dist\out-tsc\src\app\userManagement\change-password\change-password.component.js.map
C:\Users\Reno\Desktop\Praca dyplomowa\CRS.Web\CllientApp\dist\out-tsc\src\app\userManagement\delete-user\delete-user.component.js
C:\Users\Reno\Desktop\Praca dyplomowa\CRS.Web\CllientApp\dist\out-tsc\src\app\userManagement\delete-user\delete-user.component.js.map
C:\Users\Reno\Desktop\Praca dyplomowa\CRS.Web\CllientApp\dist\out-tsc\src\app\carRepairShopManagement\customer\type-of-customer\type-of-customer-template\type-of-customer-template.component.js
C:\Users\Reno\Desktop\Praca dyplomowa\CRS.Web\CllientApp\dist\out-tsc\src\app\carRepairShopManagement\customer\type-of-customer\type-of-customer-template\type-of-customer-template.component.js.map
C:\Users\Reno\Desktop\Praca dyplomowa\CRS.Web\CllientApp\dist\out-tsc\src\app\app.module.js
C:\Users\Reno\Desktop\Praca dyplomowa\CRS.Web\CllientApp\dist\out-tsc\src\app\app.module.js.map
C:\Users\Reno\Desktop\Praca dyplomowa\CRS.Web\CllientApp\dist\out-tsc\src\environments\environment.js
C:\Users\Reno\Desktop\Praca dyplomowa\CRS.Web\CllientApp\dist\out-tsc\src\environments\environment.js.map
C:\Users\Reno\Desktop\Praca dyplomowa\CRS.Web\CllientApp\dist\out-tsc\src\main.js
C:\Users\Reno\Desktop\Praca dyplomowa\CRS.Web\CllientApp\dist\out-tsc\src\main.js.map
C:\Users\Reno\Desktop\Praca dyplomowa\CRS.Web\CllientApp\dist\out-tsc\src\polyfills.js
C:\Users\Reno\Desktop\Praca dyplomowa\CRS.Web\CllientApp\dist\out-tsc\src\polyfills.js.map
C:\Users\Reno\Desktop\Praca dyplomowa\CRS.Web\CllientApp\dist\out-tsc\src\test.js
C:\Users\Reno\Desktop\Praca dyplomowa\CRS.Web\CllientApp\dist\out-tsc\src\test.js.map
C:\Users\Reno\Desktop\Praca dyplomowa\CRS.Web\CllientApp\dist\out-tsc\e2e\src\app.po.js
C:\Users\Reno\Desktop\Praca dyplomowa\CRS.Web\CllientApp\dist\out-tsc\e2e\src\app.po.js.map
C:\Users\Reno\Desktop\Praca dyplomowa\CRS.Web\CllientApp\dist\out-tsc\e2e\src\app.e2e-spec.js
C:\Users\Reno\Desktop\Praca dyplomowa\CRS.Web\CllientApp\dist\out-tsc\e2e\src\app.e2e-spec.js.map
C:\Users\Reno\Desktop\Praca dyplomowa\CRS.Web\CllientApp\dist\out-tsc\src\environments\environment.prod.js
C:\Users\Reno\Desktop\Praca dyplomowa\CRS.Web\CllientApp\dist\out-tsc\src\environments\environment.prod.js.map
